<?xml version="1.0" encoding="UTF-8"?>
<!-- Generated by org.testng.reporters.JUnitReportReporter -->
<testsuite hostname="NehaGokhale" name="Branch.ValidateEmployeeNames1" tests="7" failures="0" timestamp="16 Sep 2018 18:29:00 GMT" time="4.417" errors="0">
  <testcase name="validateOperationsEmployeeNames" time="0.290" classname="Branch.ValidateEmployeeNames1"/>
  <testcase name="validateRecruitingEmployeeNames" time="0.266" classname="Branch.ValidateEmployeeNames1"/>
  <testcase name="validateDataEmployeeNames" time="0.496" classname="Branch.ValidateEmployeeNames1"/>
  <testcase name="validateEngineeringEmployeeNames" time="1.193" classname="Branch.ValidateEmployeeNames1"/>
  <testcase name="validatePartnerGrowthEmployeeNames" time="1.430" classname="Branch.ValidateEmployeeNames1"/>
  <testcase name="validateMarketingEmployeeNames" time="0.459" classname="Branch.ValidateEmployeeNames1"/>
  <testcase name="validateProductEmployeeNames" time="0.283" classname="Branch.ValidateEmployeeNames1"/>
</testsuite> <!-- Branch.ValidateEmployeeNames1 -->
