<?xml version="1.0" encoding="UTF-8"?>
<!-- Generated by org.testng.reporters.JUnitReportReporter -->
<testsuite hostname="NehaGokhale" name="Branch.TeamPage" tests="1" failures="0" timestamp="16 Sep 2018 01:38:21 GMT" time="8.031" errors="0">
  <testcase name="teamPageNavigation" time="8.031" classname="Branch.TeamPage"/>
</testsuite> <!-- Branch.TeamPage -->
