<?xml version="1.0" encoding="UTF-8"?>
<!-- Generated by org.testng.reporters.JUnitReportReporter -->
<testsuite hostname="NehaGokhale" name="Branch.ValidateEmployeeNames" tests="7" failures="0" timestamp="17 Sep 2018 21:14:03 GMT" time="3.498" errors="0">
  <testcase name="validateEngineeringEmployeeNames" time="0.975" classname="Branch.ValidateEmployeeNames"/>
  <testcase name="validateProductEmployeeNames" time="0.214" classname="Branch.ValidateEmployeeNames"/>
  <testcase name="validateOperationsEmployeeNames" time="0.270" classname="Branch.ValidateEmployeeNames"/>
  <testcase name="validateRecruitingEmployeeNames" time="0.190" classname="Branch.ValidateEmployeeNames"/>
  <testcase name="validateMarketingEmployeeNames" time="0.333" classname="Branch.ValidateEmployeeNames"/>
  <testcase name="validatePartnerGrowthEmployeeNames" time="0.989" classname="Branch.ValidateEmployeeNames"/>
  <testcase name="validateDataEmployeeNames" time="0.527" classname="Branch.ValidateEmployeeNames"/>
</testsuite> <!-- Branch.ValidateEmployeeNames -->
