<?xml version="1.0" encoding="UTF-8"?>
<!-- Generated by org.testng.reporters.JUnitReportReporter -->
<testsuite hostname="NehaGokhale" name="Branch.ValidateEmployeeDepartments" tests="7" failures="0" timestamp="17 Sep 2018 04:54:24 GMT" time="3.899" errors="0">
  <testcase name="validateMarketingEmployeeDepartments" time="0.381" classname="Branch.ValidateEmployeeDepartments"/>
  <testcase name="validateOperationsEmployeeDepartments" time="0.227" classname="Branch.ValidateEmployeeDepartments"/>
  <testcase name="validateProductEmployeeDepartments" time="0.271" classname="Branch.ValidateEmployeeDepartments"/>
  <testcase name="validateRecruitingEmployeeDepartments" time="0.249" classname="Branch.ValidateEmployeeDepartments"/>
  <testcase name="validateEngineeringEmployeeDepartments" time="1.022" classname="Branch.ValidateEmployeeDepartments"/>
  <testcase name="validateDataEmployeeDepartments" time="0.581" classname="Branch.ValidateEmployeeDepartments"/>
  <testcase name="validatePartnerGrowthEmployeeDepartments" time="1.168" classname="Branch.ValidateEmployeeDepartments"/>
</testsuite> <!-- Branch.ValidateEmployeeDepartments -->
