<?xml version="1.0" encoding="UTF-8"?>
<!-- Generated by org.testng.reporters.JUnitReportReporter -->
<testsuite hostname="NehaGokhale" name="Branch.ValidateEmployeeDisplayPictures" tests="8" failures="0" timestamp="17 Sep 2018 21:14:03 GMT" time="4.136" errors="0">
  <testcase name="validateOperationsEmployeesDisplayPictures" time="0.125" classname="Branch.ValidateEmployeeDisplayPictures"/>
  <testcase name="validateDataEmployeesDisplayPictures" time="0.201" classname="Branch.ValidateEmployeeDisplayPictures"/>
  <testcase name="validateProductEmployeesDisplayPictures" time="0.127" classname="Branch.ValidateEmployeeDisplayPictures"/>
  <testcase name="validateRecruitingEmployeesDisplayPictures" time="0.077" classname="Branch.ValidateEmployeeDisplayPictures"/>
  <testcase name="validateEngineeringEmployeesDisplayPictures" time="0.647" classname="Branch.ValidateEmployeeDisplayPictures"/>
  <testcase name="validateMarketingEmployeesDisplayPictures" time="0.232" classname="Branch.ValidateEmployeeDisplayPictures"/>
  <testcase name="validateAllEmployeesDisplayPictures" time="1.893" classname="Branch.ValidateEmployeeDisplayPictures"/>
  <testcase name="validatePartnerGrowthEmployeesDisplayPictures" time="0.834" classname="Branch.ValidateEmployeeDisplayPictures"/>
</testsuite> <!-- Branch.ValidateEmployeeDisplayPictures -->
